<?xml version="1.0" encoding="UTF-8"?>
<!-- Generated by org.testng.reporters.JUnitReportReporter -->
<testsuite name="com.qmetry.qaf.automation.step.client.Scenario" tests="1" time="8.446" ignored="0" failures="0" timestamp="02 Aug 2018 12:04:44 GMT" skipped="0" hostname="ICPL12297.local" errors="0">
  <testcase name="QMetry Google Find" time="8.446" classname="com.qmetry.qaf.automation.step.client.Scenario"/>
</testsuite> <!-- com.qmetry.qaf.automation.step.client.Scenario -->
